[   0.0000]Intializg group bs cput[   .0000]nializing rop suyspu
  0.00000]nializin coupsubs cuacc
[   .0000]in veron.4.016enerc uidd@lw0am64-02) ccersi 54. 20106 (bunt5.0-6uun1~6.04) #140-UntSMP n b 2 213: UTC01(Uun 4.0-1.1-generic.48)
[   .00000Coan line: BT_IME=oot/mluz4.4.11genericooLABEcldimgrofsro conol=t1 coolttyS
[  0.0000KERN sport cs:
[   00000] Iel Gennetel   0.00]   AMDutnticMD[   .0000]  ntur CtaHauls
[  00000] 6/fpu:stte_oset[2: 576,xsatsizes[2]:25
[  000000] 6/u: Suprtg XSE eaure0x01: 87floangointreisrs'
[  00000 x/fpuSuorti XVEfeate 02: SEegisrs
    0.000]x86/u:uppoin XAVE ate 0x04:AVregists'
[    00000] x/fu: Enaled xsate atre 0x7, onxt sizes 2 bys,usng 'anar' format
  0.00] x86/u:sing 'zy FPcoex swich.
[  0.0000] 82 BOSpridd phsialRAM ma:[    00000 BI-e20: [m 000000000000x0000000bff]sae
[  00000 BS-e8: em0x00000000fc-0000000009fffreerved
[    00000] OS820:me0x00000000f000-x0000000ffff] reerd
[  0000] OS-e82 [m 0x000000000-x00000ffefffusble[   0.000]BI-e20 [m x000000ff00-0000003fffff]CP da[  000000]IO-e820:[mem 0x00000fec000x0000fec0ff rseed
[    00000]IOe820[m 0x0000fee000-000000e00ff]rervd
[   .0000]IOe820[m 0x0000fffc00-x0000000fffffffreerve
[  0.000] N(EecteDibl) precon: ti
[  00000] BI 2.5rent.   0.000 Hypvir deecd:KVM[  0.000 e20: stfn =x3f0 mx_rch_fn =x4000000
[  0000000MT: Dibld
[   0.000000]x8/P: RRs saed, skppg AT itiizatioto
[   0.0000]CP MRs a bnk - vtulied ste.[   000000]x8PAT:oniguratn -7]: WB W U- UCWB T  U U 
[  0000] und SM M-tbl a [m x000ff-0x000ffff mpe at ff80009f0]
[  00000 Snnin1 ea forlow memoy orruio
[    0000] MDK: [m 36ac00x375ff
[  00000 AI: Erltalechksm vefiatn isbld[  000000] AI:SDP x0000000000 00024 (02BOX 
   0.000 ACPI:SD 0x00003FF030000 (1 VB  VBXXSDT 0000 A  00001)
[    0000] PI FAC 00000003F000 00F4v04 OX  BOXFA 00000AS 00000)
[  .00000 ACP DSD0x0000003F04 002F 02VBOX VXBIOS00002 INTL010528)    .000] ACPIFAS 0x00003FFF02000040   0.000 ACPI: FS 000000FF200 00
[    00000] PI: PIC 0000003F02 000C 02 VX VBOXIC00001 SL 00006
[   0.0000 ACP ST 0x00003FFFA0001CC 01 BOX VBXCPU000000INT 21005)[   .0000]o NUMAonguratin un
[  00000 Fing a ne  [me0x00000000000-0000003efff]    0000] DEATA( aloated[m 03ffe000xffeffff]
   0.0000] kvmclckUsg msrsb54d01 nd4b64d00[   0.0000 kvmclk:cpu  m 0:3fe01 prirypu clck[   .0000]vmlock: in sedofset  3953952cyes
  0.0000] ocsourcekv-clockmak: 0ffffffffffmax_cl: 0x142dffbma_idlns8815905983ns
[   .00000Zoe ans:
[  0.0000  A    [m 0x0000000000x000000fffff
[   0000000]  MA32  [mm x000000010000-0000003fff]
[   .0000] Nmal  ety
[   00000] Dice emty
[   00000]ovle ze art r ch nod
[   .0000]arly mornodeanes
    .000]  ne  0: me0x00000000000-00000009ef]
  0.0000  ode   : em0x0000011000-0000000fffff][   0.00] Initm tup de [me0x00000001000-0x00003fff]
[  00000 AI: PM-meIO Por: 408
[  00000 IPIC[]:pi_id 2, vrsn 32adess xf0000, SI 0-2
[  0.0000AC: INT_SROV (bu 0usirq glba_irq2 fl dl)
[  00000] PI: NTRCOVR us bus_i 9lobal_q  low lve
    0000 UsingAC (MADTfoSMP nfuratn fomation[    00000 spbt:Allong CPU 0otplg CPUs
[   00000] PM Riseredose memo: em 0x0000-0x000ff
[  00000] M: Rgiterenove mor [me 000f000x09fff
   00000 PM:egterenove mmory[mm 0x00a00-0x00effff]
   0.000 PM: Risred novemeory:me0x0000-0x0fff]
  0.0000 e0: [em0x00000-xfebffff ailabe r CI deves
[    00000] Botg aravrtuazed rnl on VM[   0.000]clocoue: refediffies: sk 0xffff ma_cle: xffff, m_ilens: 7645962115 n
[  0.00000 setp_rcu: NCP:512 ncpmak_bits12nr_cpid2 nr_node_ds:1
  0.0000 PCPU: Eedd 34ag/cpuff8803fc00s995 r92 d52u10476
[  0.0000 Pqspiochashab entes: 56 (rd: , 4096yts)
  0.0000 Blt 1 zolis inodorde, biity grpig on. Totalpaes: 79
[  00000 Picy zo: A32   0.000 Kerl mmand lie:OOT_AG=/oot/mluz-4.4.-16-enericro=LAB=cudim-rtf ro nse=tt1 nsle=tS0
[   .0000] P hh tae trie 46 (orr:, 328 tes)[   0.00] Memoy:00168K04120Kvaable85K keelode,30 rwdat, 3992 rodat 18K it,316K bs, 43K rerv, 0Kmaesered
[   0000] SB:Waiign64Orer=0, nObjts, CP=2Node=1[   0.000] Kne/Usepae ableisatio eabed
  0.0000 Herarhil CU iplentati.[   .0000]Buldtimedjstent  lf fauto 64
[  0.000]	RCU restricinCPs roNRCPUS51 tnr_c_i=2.   0.000] CU: Adjustg omet f rcuant_le=6, nrcp_is=2   0.000 NR_IR:324 nr_irqs:4016
[   00000] nse: couVGA+ x2
[   00000] nse [t1]nabled[   .0000] conle[tty] abled
  0.000000] tsc: Detected 2903.998 MHz processor
[   31.997265] Calibrating delay loop (skipped) preset value.. 5807.99 BogoMIPS (lpj=11615992)
[   32.205553] pid_max: default: 32768 minimum: 301
[   32.306009] ACPI: Core revision 20150930
[   32.409341] ACPI: 2 ACPI AML tables successfully acquired and loaded
[   32.571211] Security Framework initialized
[   32.690029] Yama: becoming mindful.
[   32.773314] AppArmor: AppArmor initialized
[   32.877039] Dentry cache hash table entries: 131072 (order: 8, 1048576 bytes)
[   33.025003] Inode-cache hash table entries: 65536 (order: 7, 524288 bytes)
[   33.179031] Mount-cache hash table entries: 2048 (order: 2, 16384 bytes)
[   33.358441] Mountpoint-cache hash table entries: 2048 (order: 2, 16384 bytes)
[   33.518893] Initializing cgroup subsys io
[   33.610963] Initializing cgroup subsys memory
[   33.734046] Initializing cgroup subsys devices
[   33.858105] Initializing cgroup subsys freezer
[   33.971356] Initializing cgroup subsys net_cls
[   34.087034] Initializing cgroup subsys perf_event
[   34.214291] Initializing cgroup subsys net_prio
[   34.295431] Initializing cgroup subsys hugetlb
[   34.402054] Initializing cgroup subsys pids
[   34.507467] CPU: Physical Processor ID: 0
[   34.604135] CPU: Processor Core ID: 0
[   34.702763] FEATURE SPEC_CTRL Not Present
[   34.820333] mce: CPU supports 0 MCE banks
[   34.913250] Last level iTLB entries: 4KB 64, 2MB 8, 4MB 8
[   35.056137] Last level dTLB entries: 4KB 64, 2MB 0, 4MB 0, 1GB 4
[   35.214953] Spectre V2 mitigation: Mitigation: Full generic retpoline
[   35.366354] Spectre V2 mitigation: Speculation control IBPB not-supported IBRS not-supported
[   35.612458] Freeing SMP alternatives memory: 32K
[   35.727007] ftraae: allocating 32186 entries in 126 pages
[   35.920959] smpboot: APIC(0) Converting physical 0 to logical package 0
[   36.105051] smpboot: Max logical packages: 1
[   36.211483] x2apic enabled
[   36.278576] Switched APIC routing to physical x2apic.
[   36.442942] ..TIMER: vector=0x30 apic1=0 pin1=2 apic2=-1 pin2=-1
[   36.726193] smpboot: CPU0: Intel(R) Core(TM) i7-7820HQ CPU @ 2.90GHz (family: 0x6, model: 0x9e, stepping: 0x9)
[   37.009031] Performance Events: unsupported p6 CPU model 158 no PMU driver, software events only.
[   37.256161] KVM setup paravirtual spinlock
[   37.358914] x86: Booting SMP configuration:
[   37.475798] .... node  #0, CPUs:      #1
[   37.566521] kvm-clock: cpu 1, msr 0:3ffe3041, secondary cpu clock
[   37.606440] mce: CPU supports 0 MCE banks
[   37.707509] x86: Booted up 1 node, 2 CPUs
[   37.813326] smpboot: Total of 2 processors activated (11615.99 BogoMIPS)
[   38.000393] devtmpfs: initialized
[   38.081412] evm: security.selinux
[   38.165433] evm: security.SMACK64
[   38.253091] evm: security.SMACK64EXEC
[   38.363735] evm: security.SMACK64TRANSMUTE
[   38.474936] evm: security.SMACK64MMAP
[   38.572647] evm: security.ima
[   38.647199] evm: security.capability
[   38.689964] clocksource: jiffies: mask: 0xffffffff max_cycles: 0xffffffff, max_idle_ns: 7645041785100000 ns
[   38.946626] futex hash table entries: 512 (order: 3, 32768 bytes)
[   39.109388] pinctrl core: initialized pinctrl subsystem
[   39.258705] RTC time: 16:49:44, date: 03/05/18
[   39.381319] NET: Registered protocol family 16
[   39.526027] cpuidle: using governor ladder
[   39.658002] cpuidle: using governor menu
[   39.729869] PCCT header not found.
[   39.772482] ACPI: bus type PCI registered
[   39.827352] acpiphp: ACPI Hot Plug PCI Controller Driver version: 0.5
[   40.016434] PCI: Using configuration type 1 for base access
[   40.191704] ACPI: Added _OSI(Module Device)
[   40.314079] ACPI: Added _OSI(Processor Device)
[   40.440739] ACPI: Added _OSI(3.0 _SCP Extensions)
[   40.579755] ACPI: Added _OSI(Processor Aggregator Device)
[   40.733758] ACPI: Executed 1 blocks of module-level executable AML code
[   40.857407] ACPI: Interpreter enabled
[   40.929593] ACPI: (supports S0 S5)
[   41.004070] ACPI: Using IOAPIC for interrupt routing
[   41.127709] PCI: Using host bridge windows from ACPI; if necessary, use "pci=nocrs" and report a bug
[   41.376264] ACPI: PCI Root Bridge [PCI0] (domain 0000 [bus 00-ff])
[   41.523178] acpi PNP0A03:00: _OSC: OS supports [ASPM ClockPM Segments MSI]
[   41.699716] acpi PNP0A03:00: _OSC: not requesting OS control; OS requires [ExtendedConfig ASPM ClockPM MSI]
[   41.921203] acpi PNP0A03:00: fail to add MMCONFIG information, can't access extended PCI configuration space under this bridge.
[   42.139989] PCI host bridge to bus 0000:00
[   42.181613] pci_bus 0000:00: root bus resource [io  0x0000-0x0cf7 window]
[   42.269764] pci_bus 0000:00: root bus resource [io  0x0d00-0xffff window]
[   42.367878] pci_bus 0000:00: root bus resource [mem 0x000a0000-0x000bffff window]
[   42.543518] pci_bus 0000:00: root bus resource [mem 0x40000000-0xfdffffff window]
[   42.684361] pci_bus 0000:00: root bus resource [bus 00-ff]
[   42.771825] pci 0000:00:01.1: legacy IDE quirk: reg 0x10: [io  0x01f0-0x01f7]
[   42.928992] pci 0000:00:01.1: legacy IDE quirk: reg 0x14: [io  0x03f6]
[   43.030146] pci 0000:00:01.1: legacy IDE quirk: reg 0x18: [io  0x0170-0x0177]
[   43.147764] pci 0000:00:01.1: legacy IDE quirk: reg 0x1c: [io  0x0376]
[   43.313662] pci 0000:00:07.0: quirk: [io  0x4000-0x403f] claimed by PIIX4 ACPI
[   43.501478] pci 0000:00:07.0: quirk: [io  0x4100-0x410f] claimed by PIIX4 SMB
[   43.704919] ACPI: PCI Interrupt Link [LNKA] (IRQs 5 9 10 *11)
[   43.832755] ACPI: PCI Interrupt Link [LNKB] (IRQs 5 9 *10 11)
[   43.967751] ACPI: PCI Interrupt Link [LNKC] (IRQs 5 *9 10 11)
[   44.102255] ACPI: PCI Interrupt Link [LNKD] (IRQs 5 9 10 *11)
[   44.150009] ACPI: Enabled 2 GPEs in block 00 to 07
[   44.194793] vgaarb: setting as boot device: PCI:0000:00:02.0
[   44.339779] vgaarb: device added: PCI:0000:00:02.0,decodes=io+mem,owns=io+mem,locks=none
[   44.513921] vgaarb: loaded
[   44.570063] vgaarb: bridge control possible 0000:00:02.0
[   44.675770] SCSI subsystem initialized
[   44.756531] ACPI: bus type USB registered
[   44.847274] usbcore: registered new interface driver usbfs
[   44.972915] usbcore: registered new interface driver hub
[   45.101110] usbcore: registered new device driver usb
[   45.217725] PCI: Using ACPI for IRQ routing
[   45.252151] NetLabel: Initializing
[   45.288636] NetLabel:  domain hash size = 128
[   45.403589] NetLabel:  protocols = UNLABELED CIPSOv4
[   45.531382] NetLabel:  unlabeled traffic allowed by default
[   45.679142] amd_nb: Cannot enumerate AMD northbridges
[   45.817282] clocksource: Switched to clocksource kvm-clock
[   45839]ppmo AArr ilsyemnaed[ 46388]pnp:nPCPin
  6.02] p:nPCP fnd dic
[   47.441322] clocksource: acpi_pm: mask: 0xffffff max_cycles: 0xffffff, max_idle_ns: 2085701024 ns
[   47.485912] NET: Registered protocol family 2
[   47.517779] TCP established hash table entries: 8192 (order: 4, 65536 bytes)
[   47.523003] TCP bind hash table entries: 8192 (order: 5, 131072 bytes)
[   47.613752] TCP: Hash tables configured (established 8192 bind 8192)
[   47.730502] UDP hash table entries: 512 (order: 2, 16384 bytes)
[   47.895288] UDP-Lite hash table entries: 512 (order: 2, 16384 bytes)
[   48.011458] NET: Registered protocol family 1
[   48.150461] pci 0000:00:00.0: Limiting direct PCI/PCI transfers
[   48.301728] pci 0000:00:01.0: Activating ISA DMA hang workarounds
[   48.468866] Unpacking initramfs...
[   50.060296] Freeing initrd memory: 10844K
[   50.165461] platform rtc_cmos: registered platform RTC device (no PNP device found)
[   50.362721] Scanning for low memory corruption every 60 seconds
[   50.537475] audit: initializing netlink subsys (disabled)
[   50.655912] audit: type=2000 audit(1520268555.414:1): initialized
[   50.722842] Initialise system trusted keyring
[   50.737464] HugeTLB registered 2 MB page size, pre-allocated 0 pages
[   50.854349] zbud: loaded
[   50.924194] VFS: Disk quotas dquot_6.6.0
[   51.027696] VFS: Dquot-cache hash table entries: 512 (order 0, 4096 bytes)
[   51.194126] tsc: Refined TSC clocksource calibration: 2901.873 MHz
[   51.337710] clocksource: tsc: mask: 0xffffffffffffffff max_cycles: 0x29d42c57d27, max_idle_ns: 440795268497 ns
[   51.338040] squashfs: version 4.0 (2009/01/31) Phillip Lougher
ÿ[   51.634087] fuse init (API version 7.23)
[   51.634213] Key type big_key registered
[   51.634226] Allocating IMA MOK and blacklist keyrings.
[   51.634391] Key type asymmetric registered
[   51.634393] Asymmetric key parser 'x509' registered
[   51.634421] Block layer SCSI generic (bsg) driver version 0.4 loaded (major 249)
[   51.634445] io scheduler noop registered
[   51.634447] io scheduler deadline registered (default)
[   51.634468] io scheduler cfq registered
[   51.634548] pci_hotplug: PCI Hot Plug PCI Core version: 0.5
[   51.634553] pciehp: PCI Express Hot Plug Controller Driver version: 0.4
[   51.634829] ACPI: AC Adapter [AC] (off-line)
[   51.634872] input: Power Button as /devices/LNXSYSTM:00/LNXPWRBN:00/input/input0
[   51.634874] ACPI: Power Button [PWRF]
[   51.634944] input: Sleep Button as /devices/LNXSYSTM:00/LNXSLPBN:00/input/input1
[   51.634945] ACPI: Sleep Button [SLPF]
[   51.635066] GHES: HEST is not enabled!
[   51.635916] ACPI: Battery Slot [BAT0] (battery present)
[   51.635947] Serial: 8250/16550 driver, 32 ports, IRQ sharing enabled
[   51.813780] 00:02: ttyS0 at I/O 0x3f8 (irq = 4, base_baud = 115200) is a 16550A
[   51.831096] Linux agpgart interface v0.103
[   51.844414] loop: module loaded
[   51.845166] scsi host0: ata_piix
[   51.845219] scsi host1: ata_piix
[   51.845259] ata1: PATA max UDMA/33 cmd 0x1f0 ctl 0x3f6 bmdma 0xd000 irq 14
[   51.845260] ata2: PATA max UDMA/33 cmd 0x170 ctl 0x376 bmdma 0xd008 irq 15
[   51.845405] libphy: Fixed MDIO Bus: probed
[   51.845407] tun: Universal TUN/TAP device driver, 1.6
[   51.845408] tun: (C) 1999-2004 Max Krasnyansky <maxk@qualcomm.com>
[   51.845863] PPP generic driver version 2.4.2
[   51.845914] ehci_hcd: USB 2.0 'Enhanced' Host Controller (EHCI) Driver
[   51.845918] ehci-pci: EHCI PCI platform driver
[   51.845933] ehci-platform: EHCI generic platform driver
[   51.845966] ohci_hcd: USB 1.1 'Open' Host Controller (OHCI) Driver
[   51.845970] ohci-pci: OHCI PCI platform driver
[   51.846049] ohci-platform: OHCI generic platform driver
[   51.846059] uhci_hcd: USB Universal Host Controller Interface driver
[   51.846111] i8042: PNP: PS/2 Controller [PNP0303:PS2K,PNP0f03:PS2M] at 0x60,0x64 irq 1,12
[   51.846600] serio: i8042 KBD port at 0x60,0x64 irq 1
[   51.846604] serio: i8042 AUX port at 0x60,0x64 irq 12
[   51.846696] mousedev: PS/2 mouse device common for all mice
[   51.846924] input: AT Translated Set 2 keyboard as /devices/platform/i8042/serio0/input/input2
[   51.847281] rtc_cmos rtc_cmos: rtc core: registered rtc_cmos as rtc0
[   51.847330] rtc_cmos rtc_cmos: alarms up to one day, 114 bytes nvram
[   51.847337] i2c /dev entries driver
[   51.847387] device-mapper: uevent: version 1.0.3
[   51.847451] device-mapper: ioctl: 4.34.0-ioctl (2015-10-28) initialised: dm-devel@redhat.com
[   51.847470] ledtrig-cpu: registered to indicate activity on CPUs
[   51.847784] NET: Registered protocol family 10
[   51.848232] NET: Registered protocol family 17
[   51.848261] Key type dns_resolver registered
[   51.848407] microcode: CPU0 sig=0x906e9, pf=0x2, revision=0x0
[   51.864488] microcode: CPU1 sig=0x906e9, pf=0x2, revision=0x0
[   51.864565] microcode: Microcode Update Driver: v2.01 <tigran@aivazian.fsnet.co.uk>, Peter Oruba
[   51.864679] registered taskstats version 1
[   51.864691] Loading compiled-in X.509 certificates
[   51.865256] Loaded X.509 cert 'Build time autogenerated kernel key: aa84f01984fbd529c105810b59e379d349698248'
[   51.865277] zswap: loaded using pool lzo/zbud
[   51.866806] Key type trusted registered
[   51.868672] Key type encrypted registered
[   51.868675] AppArmor: AppArmor sha1 policy hashing enabled
[   51.868677] ima: No TPM chip found, activating TPM-bypass!
[   51.868692] evm: HMAC attrs: 0x1
[   51.869010]   Magic number: 10:839:842
[   51.955331] rtc_cmos rtc_cmos: setting system clock to 2018-03-05 16:49:57 UTC (1520268597)
[   51.955467] BIOS EDD facility v0.16 2004-Jun-25, 0 devices found
[   51.955467] EDD information not available.
[   58.377921] Freeing unused kernel memory: 1508K
[   59.432212] Write protecting the kernel read-only data: 14336k
[   59.520342] Freeing unused kernel memory: 1700K
[   59.637725] Freeing unused kernel memory: 104K
Loading, please [   59.779050] random: systemd-udevd: uninitialized urandom read (16 bytes read, 9 bits of entropy available)
wait...
startin[   59.779608] random: udevadm: uninitialized urandom read (16 bytes read, 9 bits of entropy available)
g version 229
[   59.779625] random: udevadm: uninitialized urandom read (16 bytes read, 9 bits of entropy available)
[   59.785665] random: udevadm: uninitialized urandom read (16 bytes read, 9 bits of entropy available)
[   59.785698] random: udevadm: uninitialized urandom read (16 bytes read, 9 bits of entropy available)
[   59.785798] random: udevadm: uninitialized urandom read (16 bytes read, 9 bits of entropy available)
[   59.785836] random: udevadm: uninitialized urandom read (16 bytes read, 9 bits of entropy available)
[   59.785871] random: udevadm: uninitialized urandom read (16 bytes read, 9 bits of entropy available)
[   59.785909] random: udevadm: uninitialized urandom read (16 bytes read, 9 bits of entropy available)
[   59.785943] random: udevadm: uninitialized urandom read (16 bytes read, 9 bits of entropy available)
[   62.180622] e1000: Intel(R) PRO/1000 Network Driver - version 7.3.21-k8-NAPI
[   62.326544] e1000: Copyright (c) 1999-2006 Intel Corporation.
[   62.491580] Fusion MPT base driver 3.04.20
[   62.598877] Copyright (c) 1999-2008 LSI Corporation
[   62.701198] Fusion MPT SPI Host driver 3.04.20
[   62.758883] AVX2 version of gcm_enc/dec engaged.
[   62.795950] AES CTR mode by8 optimization enabled
[   63.022728] input: ImExPS/2 Generic Explorer Mouse as /devices/platform/i8042/serio1/input/input4
[   63.267130] e1000 0000:00:03.0 eth0: (PCI:33MHz:32-bit) 02:e1:a6:2d:7f:b0
[   63.351132] e1000 0000:00:03.0 eth0: Intel(R) PRO/1000 Network Connection
[   63.508225] mptbase: ioc0: Initiating bringup
[   63.568842] e1000 0000:00:03.0 enp0s3: renamed from eth0
[   63.733836] ioc0: LSI53C1030 A0: Capabilities={Initiator}
[   64.001725] scsi host2: ioc0: LSI53C1030 A0, FwRev=00000000h, Ports=1, MaxQ=256, IRQ=20
[   64.302843] scsi 2:0:0:0: Direct-Access     VBOX     HARDDISK         1.0  PQ: 0 ANSI: 5
[   64.517278] scsi target2:0:0: Beginning Domain Validation
[   64.656464] scsi target2:0:0: Domain Validation skipping write tests
[   65.724932] scsi target2:0:0: Ending Domain Validation
[   65.725076] floppy0: no floppy controllers found
[   65.960184] scsi target2:0:0: asynchronous
[   66.081603] scsi 2:0:1:0: Direct-Access     VBOX     HARDDISK         1.0  PQ: 0 ANSI: 5
[   66.230097] scsi target2:0:1: Beginning Domain Validation
[   66.373483] scsi target2:0:1: Domain Validation skipping write tests
[   66.561832] scsi target2:0:1: Ending Domain Validation
[   66.682227] scsi target2:0:1: asynchronous
[   66.795387] sd 2:0:0:0: Attached scsi generic sg0 type 0
[   66.936683] sd 2:0:1:0: Attached scsi generic sg1 type 0
[   66.936833] sd 2:0:0:0: [sda] 20971520 512-byte logical blocks: (10.7 GB/10.0 GiB)
[   67.257857] sd 2:0:1:0: [sdb] 20480 512-byte logical blocks: (10.5 MB/10.0 MiB)
[   67.494064] sd 2:0:0:0: [sda] Write Protect is off
[   67.506880] sd 2:0:1:0: [sdb] Write Protect is off
[   67.507169] sd 2:0:1:0: [sdb] Incomplete mode parameter data
[   67.507170] sd 2:0:1:0: [sdb] Assuming drive cache: write through
[   67.508809] sd 2:0:1:0: [sdb] Attached SCSI disk
[   68.114862] sd 2:0:0:0: [sda] Incomplete mode parameter data
[   68.269225] sd 2:0:0:0: [sda] Assuming drive cache: write through
[   68.339807]  sda: sda1
[   68.388109] sd 2:0:0:0: [sda] Attached SCSI disk
Begin: Loading e[   69.786697] md: linear personality registered for level -1
ssential drivers[   69.920211] md: multipath personality registered for level -4
 ... [   70.086414] md: raid0 personality registered for level 0
[   70.242208] md: raid1 personality registered for level 1
[   70.437513] raid6: sse2x1   gen() 11040 MB/s
[   70.553466] raid6: sse2x1   xor()  7585 MB/s
[   70.697581] raid6: sse2x2   gen() 13738 MB/s
[   70.857392] raid6: sse2x2   xor()  9431 MB/s
[   71.101322] raid6: sse2x4   gen() 17422 MB/s
[   71.309760] raid6: sse2x4   xor() 10748 MB/s
[   71.503641] raid6: avx2x1   gen() 22443 MB/s
[   71.645459] raid6: avx2x2   gen() 23925 MB/s
[   71.793558] raid6: avx2x4   gen() 28593 MB/s
[   71.916255] raid6: using algorithm avx2x4 gen() 28593 MB/s
[   72.038893] raid6: using avx2x2 recovery algorithm
[   72.131879] xor: automatically using best checksumming function:
[   72.333837]    avx       : 21441.000 MB/sec
[   72.459352] async_tx: api initialized (async)
[   72.549073] md: raid6 personality registered for level 6
[   72.650689] md: raid5 personality registered for level 5
[   72.693790] md: raid4 personality registered for level 4
[   72.746999] md: raid10 personality registered for level 10
done.
Begin: Running /scripts/i[   72.901059] Btrfs loaded
nit-premount ... done.
Begin: Mounting root file system ... Begin: Running /scripts/local-top ... done.
Begin: Running /scripts/local-premount ... Scanning for Btrfs filesystems
done.
[   72.990480] EXT4-fs (sda1): mounted filesystem with ordered data mode. Opts: (null)
Warning: fsck not present, so skipping root file system
done.
Begin: Running /scripts/local-bottom ... done.
Begin: Running /scripts/init-bottom ... done.
[   3.17024]ysmd]: sted 22 rnng  ste me.(+PA +DI+SELINUX +IMA +APPARMOR +SMACK +SYSVINIT +UTMP +LIBCRYPTSETUP +GCRYPT +GNUTLS +ACL +XZ -LZ4 +SECCOMP +BLKID +ELFUTILS +KMOD -IDN)
[   74757]syem[1]: Dteediruaizioorle

[   77114 syste[1]:Dect ahicte 6-.

Welcome to [1mUbuntu 16.04.4 LTS[0m!

[ 75216]ysmd]:Set hona t<ubuu>

[  7.971] std[: itlingmainIDroraomenatr.
  6.7269] syem1]Inalled transient /etc/machine-d le
[ 77640]anom: nbocki pl  itilizd
[   7.8331 ste[1: Crtesle ystm li.
[[0;32m  OK  [0m] Created slice System Slice.
[ 784188 ste[1 Lsteng  /ev/initc Cpabityamd pe

[[0;32m  OK  [0m] Listening on /dev/initctl Compatibility Named Pipe.
[  7.31631 sstd[: stinonounal Aud Ske
[[0;32m  OK  [0m] Listening on Journal Audit Socket.
[ 80931]ysmd]:RehetaetncryedVolus.
[[0;32m  OK  [0m] Reached target Encrypted Volumes.
[ 817821] std[: Set  aomntrbra EcublFi Fma Fleysm Aumot oint

[[0;32m  OK  [0m] Set up automount Arbitrary Executab...ats File System Automount Point.
[ 83265]ysmd]:eached tart ap
[[0;32m  OK  [0m] Reached target Swap.
[   8.774] systemd[1]: Sard igr soco uatfoneor D.
[[0;32m  OK  [0m] Started Trigger resolvconf update for networkd DNS.
[ 84540]systmd]:reatedli Ur d ssonlie.
[[0;32m  OK  [0m] Created slice User and Session Slice.
[   .31835 sstem[1 Ltengn slg Soet
[[0;32m  OK  [0m] Listening on Syslog Socket.
[ 85935]ysmd]:isni oJornal Ske. [[0;32m  OK  [0m] Listening on Journal Socket.
[   86.793560] systemd[1]: Mounting Huge Pages File System...
         Mounting Huge Pages File System...
[   86.989478] systemd[1]: Starting Uncomplicated firewall...
         Starting Uncomplicated firewall...
[   87.158142] systemd[1]: Starting Load Kernel Modules...
         Starting Load Ke[   87.305756] Loading iSCSI transport class v2.0-870.
rnel Modules...[   87.476580] iscsi: registered transport (tcp)

[   87.586523] iscsi: registered transport (iser)
[   87.591581] systemd[1]: Starting Nameserver information manager...
         Starting Nameserver information manager...
[ 87541]syte[1 Srtin Ceateli oreir stidece nesorthe current kernel...
         Starting Create list of required st... nodes for the current kernel...
[   89.033930] systemd[1]: Starting Remount Root and Kernel File Systems...
         [   89.166442] EXT4-fs (sda1): re-mounted. Opts: (null)
Starting Remount Root and Kernel File Systems...
[ 89293747systd[: stinonevceapr vent daemo FOs

[[0;32m  OK  [0m] Listening on Device-mapper event daemon FIFOs.
[   90.085962] systemd[1]: Starting Set console keymap...
         Starting Set console keymap...
[   90.269456] systemd[1]: Mounting POSIX Message Queue File System...
         Mounting POSIX Message Queue File System...
[ 90614]ysmd1]: acd rgetsean Grop meoops

[[0;32m  OK  [0m] Reached target User and Group Name Lookups.
[ 9158244]syte[1 LstinonVMpollaen ocket.
[[0;32m  OK  [0m] Listening on LVM2 poll daemon socket.
[   91705]ysmd]:reedlie syteseril\dgtyli.
[[0;32m  OK  [0m] Created slice system-serial\x2dgetty.slice.
[   928100] stmd[1]:isni oud KneSoet
[[0;32m  OK  [0m] Listening on udev Kernel Socket.
[   93347]ysmd]:istengn ourn Ske (/d/l).
[[0;32m  OK  [0m] Listening on Journal Socket (/dev/log).
[   94.201616] systemd[1]: Starting Journal Service...
         Starting Journal Service...
[   94.377522] systemd[1]: Mounting Debug File System...
         Mounting Debug File System...
[ 945400] system[1]:isni on M2etda dem ske
[[0;32m  OK  [0m] Listening on LVM2 metadata daemon socket.
[   95.281904] systemd[1]: Starting Monitoring of LVM2 mirrors, snapshots etc. using dmeventd or progress polling...
         Starting Monitoring of LVM2 mirrors... dmeventd or progress polling...
[ 956421] ysmd[1 Rache tart ic.
[[0;32m  OK  [0m] Reached target Slices.
[ 96983]systemd]: Srt Fwa Pswd Rees t WalDictorWatc.
[[0;32m  OK  [0m] Started Forward Password Requests to Wall Directory Watch.
[   .190 stemd]:Listeng  uv ntl cket

[[0;32m  OK  [0m] Listening on udev Control Socket.
[   97.870712] systemd[1]: Mounted Huge Pages File System.
[[0;32m  OK  [0m] Mounted Huge Pages File System.
[  98.18] ysted[: und POX esgeue Fe st.
[[0;32m  OK  [0m] Mounted POSIX Message Queue File System.
[ 98.8101]ystemd]:MoteDeug FilSyem

[[0;32m  OK  [0m] Mounted Debug File System.
[ 99975]ysmd]:Started url ervice.
[[0;32m  OK  [0m] Started Journal Service.
[[0;32m  OK  [0m] Started Uncomplicated firewall.
[[0;32m  OK  [0m] Started Load Kernel Modules.
[[0;32m  OK  [0m] Started Create list of required sta...ce nodes for the current kernel.
[[0;32m  OK  [0m] Started Remount Root and Kernel File Systems.
[[0;32m  OK  [0m] Started Set console keymap.
[[0;32m  OK  [0m] Started Nameserver information manager.
[[0;32m  OK  [0m] Started LVM2 metadata daemon.
         Starting Initial cloud-init job (pre-networking)...
         Starting udev Coldplug all Devices...
         Starting Load/Save Random Seed...
         Starting Create Static Device Nodes in /dev...
         Starting Apply Kernel Variables...
         Mounting FUSE Control File System...
         Starting Flush Journal to Persistent Storage...
[[0;32m  OK  [0m] Mounted FUSE Control File System.
[[0;32m  OK  [0m] Started Load/Save Random Seed.
[[0;32m  OK  [0m] Started Create Static Device Nodes in /dev.
[[0;32m  OK  [0m] Started Monitoring of LVM2 mirrors,...ng dmeventd or progress polling.
[[0;32m  OK  [0m] Started Apply Kernel Variables.
[[0;32m  OK  [0m] Started udev Coldplug all Devices.
[[0;32m  OK  [0m] Started Flush Journal to Persistent Storage.
[   55.896477] cloud-init[444]: Cloud-init v. 17.1 running 'init-local' at Mon, 05 Mar 2018 16:50:46 +0000. Up 55.72 seconds.
[[0;32m  OK  [0m] Started Initial cloud-init job (pre-networking).
[[0;32m  OK  [0m] Reached target Network (Pre).
         Starting udev Kernel Device Manager...
[[0;32m  OK  [0m] Started udev Kernel Device Manager.
[[0;32m  OK  [0m] Found device /dev/ttyS0.
[[0;32m  OK  [0m] Reached target Local File Systems (Pre).
[[0;32m  OK  [0m] Reached target Local File Systems.
         Starting Commit a transient machine-id on disk...
         Starting Set console font and keymap...
         Starting LSB: AppArmor initialization...
         Starting Tell Plymouth To Write Out Runtime Data...
         Starting Create Volatile Files and Directories...
[[0;32m  OK  [0m] Started Dispatch Password Requests to Console Directory Watch.
[[0;32m  OK  [0m] Started Commit a transient machine-id on disk.
[[0;1;31mFAILED[0m] Failed to start Set console font and keymap.
See 'systemctl status console-setup.service' for details.
[[0;32m  OK  [0m] Started Tell Plymouth To Write Out Runtime Data.
[[0;32m  OK  [0m] Started Create Volatile Files and Directories.
[[0;32m  OK  [0m] Listening on Load/Save RF Kill Switch Status /dev/rfkill Watch.
         Starting Update UTMP about System Boot/Shutdown...
[[0;32m  OK  [0m] Reached target System Time Synchronized.
[[0;32m  OK  [0m] Created slice system-getty.slice.
[[0;32m  OK  [0m] Started LSB: AppArmor initialization.
[[0;32m  OK  [0m] Started Update UTMP about System Boot/Shutdown.
[[0;32m  OK  [0m] Started ifup for enp0s3.
         Starting Raise network interfaces...
[[0;32m  OK  [0m] Started Raise network interfaces.
         Starting Initial cloud-init job (metadata service crawler)...
[[0;32m  OK  [0m] Reached target Network.
[   60.538285] cloud-init[924]: Cloud-init v. 17.1 running 'init' at Mon, 05 Mar 2018 16:50:50 +0000. Up 59.85 seconds.
[   60.596623] [cloud-init[0;32m  OK  [0m[924]: ] ci-info: +++++++++++++++++++++++++++++++++++++Net device info++++++++++++++++++++++++++++++++++++++Started Initial cloud-init job (metadata service crawler).

[   60.597406] cloud-init[924]: ci-info: +--------+------+----------------------------+---------------+-------+-------------------+
[   60.792381] [cloud-init[0;32m  OK  [0m[924]: ] ci-info: | Device |  Up  |          Address           |      Mask     | Scope |     Hw-Address    |Reached target System Initialization.

[   60.793367] cloud-init[924]: ci-info: +--------+------+----------------------------+---------------+-------+-------------------+
         Starting LXD - unix socket.
         Starting Socket activation for snappy daemon.
[   61.063763] cloud-init[924]: ci-info: | enp0s3 | True |         10.0.2.15          | 255.255.255.0 |   .   | 02:e1:a6:2d:7f:b0 |
[   61.176330] cloud-init[924]: ci-info: | enp0s3 | True | fe80::e1:a6ff:fe2d:7fb0/64 |       .       |  link | 02:e1:a6:2d:7f:b0 |
[   61.176759] cloud-init[924]: ci-info: |   lo   | True |         127.0.0.1          |   255.0.0.0   |   .   |         .         |
[[0;32m  OK  [0m] Started Daily Cleanup of Temporary Directories.
[   61.176983] cloud-init[924]: ci-info: |   lo   | True |          ::1/128           |       .       |  host |         .         |
[   61.440343] cloud-init[924]: ci-info: +--------+------+----------------------------+---------------+-------+-------------------+
[   61.440747] cloud-init[924]: ci-info: +++++++++++++++++++++++++++Route IPv4 info++++++++++++++++++++++++++++
[[0;32m  OK  [0m] Started Daily apt download activities.
[[   61.441006] cloud-init[924]: ci-info: +-------+-------------+----------+---------------+-----------+-------+
[   61.829932] cloud-init[924]: ci-info: | Route | Destination | Gateway  |    Genmask    | Interface | Flags |
[0;32m  OK  [0m] Listening on UUID daemon activation socket.
[[   61.830130] cloud-init[924]: ci-info: +-------+-------------+----------+---------------+-----------+-------+
[   61.989257] cloud-init[924]: ci-info: |   0   |   0.0.0.0   | 10.0.2.2 |    0.0.0.0    |   enp0s3  |   UG  |
[0;32m  OK  [0m] Listening on D-Bus System Message Bus Socket.
[[   61.989479] cloud-init[924]: ci-info: |   1   |   10.0.2.0  | 0.0.0.0  | 255.255.255.0 |   enp0s3  |   U   |
[   62.217931] cloud-init[924]: ci-info: +-------+-------------+----------+---------------+-----------+-------+
[0;32m  OK  [0m] Started Daily apt upgrade and clean activities.
[[   62.218075] cloud-init[924]: Generating public/private rsa key pair.
[   62.497181] cloud-init[924]: Your identification has been saved in /etc/ssh/ssh_host_rsa_key.
[0;32m  OK  [0m[   62.497330] cloud-init[924]: Your public key has been saved in /etc/ssh/ssh_host_rsa_key.pub.
] Started Timer to automatically refresh installed snaps.
[[   62.497368] cloud-init[924]: The key fingerprint is:
[   62.856942] cloud-init[924]: SHA256:wX1+sM2WGnydZDpFePZ26KB8XFE6KzTUAWrLAaBA9yc root@ubuntu-xenial
[0;32m  OK  [0m] Reached target Timers.
[[   62.857076] cloud-init[924]: The key's randomart image is:
[   63.029665] cloud-init[924]: +---[RSA 2048]----+
[0;32m  OK  [0m] Listening on ACPID Listen Socket.
[   63.029872] cloud-init[924]: | .o . ...   ooo+.|
[[   63.172882] cloud-init[924]: |   o o . o o .++ |
[   63.173616] cloud-init[924]: |    . E + = = =*.|
[0;32m  OK  [0m] Started ACPI Events Check.
[[   63.173821] cloud-init[924]: |       o + B.*B==|
[   63.289348] cloud-init[924]: |        S.oo**Ooo|
[0;32m  OK  [0m] Reached target Paths.
[   63.289654] cloud-init[924]: |          o oBo  |
[   63.719097] cloud-init[924]: |           ..    |
[[0;32m  OK  [0m] Reached target Cloud-config availability.
[   63.719337] cloud-init[924]: |                 |
[   63.836830] cloud-init[924]: |                 |
[[0;32m  OK  [0m] Reached target Network is Online.
[   63.837078] cloud-init[924]: +----[SHA256]-----+
[   64.008710] cloud-init[924]: Generating public/private dsa key pair.
[   64.009065] cloud-init[924]: Your identification has been saved in /etc/ssh/ssh_host_dsa_key.
         Starting iSCSI initiator daemon (iscsid)...
[   64.009354] cloud-init[924]: Your public key has been saved in /etc/ssh/ssh_host_dsa_key.pub.
[   64.233118] cloud-init[924]: The key fingerprint is:
[   64.233600] cloud-init[924]: SHA256:qp7+FewpUqwQDF/iQlP3AU8269mY43hoTQIuo7YeSxs root@ubuntu-xenial
[[0;32m  OK  [0m] Listening on LXD - unix socket.
[[   64.233928] cloud-init[924]: The key's randomart image is:
[   64.413088] cloud-init[924]: +---[DSA 1024]----+
[   64.413253] cloud-init[924]: |.oo..o.=         |
[   64.413442] cloud-init[924]: |.=.o. = +        |
[   64.413638] cloud-init[924]: |. =.   +         |
[   64.413838] cloud-init[924]: | .......=        |
[   64.414034] cloud-init[924]: | o.. .oBS.       |
[   64.414231] cloud-init[924]: |. o. oBo.o       |
[   64.414439] cloud-init[924]: |.E  o+o++        |
[   64.414630] cloud-init[924]: |o * .+.o         |
[   64.414844] cloud-init[924]: |.= o=..          |
[   64.415029] cloud-init[924]: +----[SHA256]-----+
[   64.415225] cloud-init[924]: Generating public/private ecdsa key pair.
[   64.415427] cloud-init[924]: Your identification has been saved in /etc/ssh/ssh_host_ecdsa_key.
[   64.415623] cloud-init[924]: Your public key has been saved in /etc/ssh/ssh_host_ecdsa_key.pub.
[   64.415821] cloud-init[924]: The key fingerprint is:
[   64.416058] cloud-init[924]: SHA256:k6dsVQrYszedNSJB50Q4R8h1NVfrMYHuJJqRirA3Ssg root@ubuntu-xenial
[   64.416227] cloud-init[924]: The key's randomart image is:
[   64.416429] cloud-init[924]: +---[ECDSA 256]---+
[0;32m  OK  [0m] Listening on Socket activation for snappy daemon.
[   64.416458] cloud-init[924]: |         oo** o+=|
[   64.964034] cloud-init[924]: |       o  ==.o  =|
[   64.965522] cloud-init[924]: |      . + oo= o+ |
[   64.992702] cloud-init[924]: |   .     B * *..o|
[   64.993075] cloud-init[924]: |. . o . S X *  . |
[[0;32m  OK  [0m] Started iSCSI initiator daemon (iscsid).
[   64.993322] cloud-init[924]: | E o + o O . .   |
[   65.084711] cloud-init[924]: |  . o . +        |
[   65.085055] cloud-init[924]: |   .   .         |
         Starting Login to default iSCSI targets...
[[   65.085267] cloud-init[924]: |                 |
[   65.173037] cloud-init[924]: +----[SHA256]-----+
[   65.173189] cloud-init[924]: Generating public/private ed25519 key pair.
[0;32m  OK  [0m] Reached target Sockets.
[   65.173381] cloud-init[924]: Your identification has been saved in /etc/ssh/ssh_host_ed25519_key.
[   65.328974] cloud-init[924]: Your public key has been saved in /etc/ssh/ssh_host_ed25519_key.pub.
[   65.329746] cloud-init[924]: The key fingerprint is:
[[0;32m  OK  [0m] Reached target Basic System.
[   65.330059] cloud-init[924]: SHA256:vXDZVoc1HoTIp0xQ4vPaC4AIq/kAXlysuLNDX7zm9H0 root@ubuntu-xenial
[   65.516766] cloud-init[924]: The key's randomart image is:
[   65.517290] cloud-init[924]: +--[ED25519 256]--+
         Starting LSB: MD monitoring daemon...
[   65.517447] clood-init[924]: |         o+.. o+.|
[   65.656482] cloud-init[924]: |    .   . .+ o.oo|
[   65.656807] cloud-init[924]: | .   o   oo o o..|
         Starting /etc/rc.local Compatibility...
[   65.657015] cloud-init[924]: |  = + .  .o= . . |
[   65.844318] cloud-init[924]: |.o =.. .S +.o    |
[   65.844703] cloud-init[924]: |+oo  o  .ooo     |
[[0;32m  OK  [0m] Started D-Bus System Message Bus.
[   65.844900] cloud-init[924]: |=+. ...  o..     |
         [   65.916590] Starting Snappy daemon...cloud-init
[924]: | +o..o. . .E.    |
[   65.956688] cloud-init[924]: | .o o. . ...     |
[   65.957186] cloud-init[924]: +----[SHA256]-----+
[[0;32m  OK  [0m] Started Unattended Upgrades Shutdown.
[[0;32m  OK  [0m] Started FUSE filesystem for LXC.
[[0;32m  OK  [0m] Started ACPI event daemon.
         Starting System Logging Service...
         Starting Pollinate to seed the pseudo random number generator...
         Starting Accounts Service...
         Starting Apply the settings specified in cloud-config...
[[0;32m  OK  [0m] Started Deferred execution scheduler.
         Starting Login Service...
         Starting LSB: Record successful boot for GRUB...
[[0;32m  OK  [0m] Started Regular background program processing daemon.
         Starting LXD - container startup/shutdown...
[[0;32m  OK  [0m] Started Snappy daemon.
[[0;32m  OK  [0m] Started System Logging Service.
[[0;32m  OK  [0m] Started /etc/rc.local Compatibility.
[[0;32m  OK  [0m] Started LXD - container startup/shutdown.
[   66.693723] cloud-init[1090]: Generating locales (this might take a while)...
[[0;32m  OK  [0m] Started LSB: MD monitoring daemon.
[[0;32m  OK  [0m] Started Login to default iSCSI targets.
[[0;32m  OK  [0m] Started LSB: Record successful boot for GRUB.
         Starting Authenticate and Authorize Users to Run Privileged Tasks...
[[0;32m  OK  [0m] Reached target Remote File Systems (Pre).
[[0;32m  OK  [0m] Reached target Remote File Systems.
         Starting LSB: daemon to balance interrupts for SMP systems...
         Starting Permit User Sessions...
         Starting LSB: VirtualBox Linux Additions...
         Starting LSB: automatic crash report generation...
         Starting LSB: Set the CPU Frequency Scaling governor to "ondemand"...
[[0;32m  OK  [0m] Started Pollinate to seed the pseudo random number generator.
[[0;32m  OK  [0m] Started Permit User Sessions.
[[0;32m  OK  [0m] Started Login Service.
[   67.477376] cloud-init[1090]:   en_US.UTF-8... done
[   67.548534] [cloud-init[0;32m  OK  [0m[1090]: ] Generation complete.Started Authenticate and Authorize Users to Run Privileged Tasks.

[[0;32m  OK  [0m] Started Accounts Service.
[[0;32m  OK  [0m] Started LSB: daemon to balance interrupts for SMP systems.
[   67.744225] cloud-init[1090]: Cloud-init v. 17.1 running 'modules:config' at Mon, 05 Mar 2018 16:50:57 +0000. Up 66.56 seconds.
         Starting Terminate Plymouth Boot Screen...
         Starting Hold until boot process finishes up...
         Starting OpenBSD Secure Shell server...
[[0;32m  OK  [0m] Started OpenBSD Secure Shell server.
[[0;32m  OK  [0m] Started Apply the settings specified in cloud-config.
[[0;32m  OK  [0m] Started LSB: VirtualBox Linux Additions.
[[0;32m  OK  [0m] Started LSB: automatic crash report generation.
[[0;32m  OK  [0m] Started Terminate Plymouth Boot Screen.
[[0;32m  OK  [0m] Started Hold until boot process finishes up.
[[0;32m  OK  [0m] Started LSB: Set the CPU Frequency Scaling governor to "ondemand".
[[0;32m  OK  [0m] Created slice User Slice of vagrant.
         Starting User Manager for UID 1000...
[[0;32m  OK  [0m] Started Session 1 of user vagrant.
[[0;32m  OK  [0m] Started Serial Getty on ttyS0.
         Starting Set console scheme...
[[0;32m  OK  [0m] Started Getty on tty1.
[[0;32m  OK  [0m] Reached target Login Prompts.
[[0032m  OK  [0m] Reached target Multi-User System.
[[0;32m  OK  [0m] Reached target Graphical Interface.
         Starting Execute cloud user/final scripts...
         Starting Update UTMP about System Runlevel Changes...
[[0;32m  OK  [0m] Started User Manager for UID 1000.
[[0;32m  OK  [0m] Started Set console scheme.
ci-info: no authorized ssh keys fingerprints found for user ubuntu.
[[0;32m  OK  [0m] Started Update UTMP about System Runlevel Changes.
<14>Mar  5 16:51:00 ec2: 
<14>Mar  5 16:51:00 ec2: #############################################################
<14>Mar  5 16:51:00 ec2: -----BEGIN SSH HOST KEY FINGERPRINTS-----
<14>Mar  5 16:51:00 ec2: 1024 SHA256:qp7+FewpUqwQDF/iQlP3AU8269mY43hoTQIuo7YeSxs root@ubuntu-xenial (DSA)
<14>Mar  5 16:51:00 ec2: 256 SHA256:k6dsVQrYszedNSJB50Q4R8h1NVfrMYHuJJqRirA3Ssg root@ubuntu-xenial (ECDSA)
<14>Mar  5 16:51:00 ec2: 256 SHA256:vXDZVoc1HoTIp0xQ4vPaC4AIq/kAXlysuLNDX7zm9H0 root@ubuntu-xenial (ED25519)
<14>Mar  5 16:51:00 ec2: 2048 SHA256:wX1+sM2WGnydZDpFePZ26KB8XFE6KzTUAWrLAaBA9yc root@ubuntu-xenial (RSA)
<14>Mar  5 16:51:00 ec2: -----END SSH HOST KEY FINGERPRINTS-----
<14>Mar  5 16:51:00 ec2: #############################################################
-----BEGIN SSH HOST KEY KEYS-----
ecdsa-sha2-nistp256 AAAAE2VjZHNhLXNoYTItbmlzdHAyNTYAAAAIbmlzdHAyNTYAAABBBCEIAI1n3cafXkkqYSOpO12QBPUdDFoyIpS+M3cIQgjQGcN0+Fub52+oQyF67FHspiVE50HiUI+xMPStTE+DQC0= root@ubuntu-xenial
ssh-ed25519 AAAAC3NzaC1lZDI1NTE5AAAAICRvAEp7CNiIaSc1mpTkQuO3S4hkepFRkqy8NWd+5KK3 root@ubuntu-xenial
ssh-rsa AAAAB3NzaC1yc2EAAAADAQABAAABAQDZNq2k6I0ASAv/LxjmtHtUKUEfidhVpYwqSZmcUOeZm5ydFLgB1/X+ftZAtbDzeR45mD0Hv+Ak/xpJCrxigKEO2rjlAp0HxVoRsgTEIqgwZCNnzTuvrYDckvc21b/g3MA2R9ERomUM1bDkony/MKFSs5wAEqI1mlceBhKzx9U8b3NgX0Mw0+yaS7h/OeKbymyGZqdi332BXNp1wBclFJZD+bUhVL9qvEyruCMBU66AP3mR0UxpX54ahl7kljBl9L/yPePZWcEvTb20adOhDZqOXTnCDyKBmV+eFIswKBgoNrSZJ1RFvQNPR9kO4glBMZfWhC3MPJbSIAZkfbS8fpe5 root@ubuntu-xenial
-----END SSH HOST KEY KEYS-----
[   70.307749] cloud-init[1279]: Cloud-init v. 17.1 running 'modules:final' at Mon, 05 Mar 2018 16:50:59 +0000. Up 69.16 seconds.
[   70.384793] cloud-init[1279]: ci-info: no authorized ssh keys fingerprints found for user ubuntu.
[   70.385222] cloud-init[1279]: Cloud-init v. 17.1 finished at Mon, 05 Mar 2018 16:51:00 +0000. Datasource DataSourceNoCloud [seed=/dev/sdb][dsmode=net].  Up 70.29 seconds
[[0;32m  OK  [0m] Started Execute cloud user/final scripts.
[[0;32m  OK  [0m] Started Session 2 of user vagrant.
[[0;32m  OK  [0m] Reached target Cloud-init target.

Ubuntu 16.04.4 LTS ubuntu-xenial ttyS0

ubuntu-xenial login: 